<?xml version="1.0" encoding="UTF-8" ?>
<testsuite tests="22" failures="0" name="org.crownpeak.api.APITest" time="65.179" errors="0" skipped="0">
  <properties>
[...]
</properties>
  <testcase classname="org.crownpeak.api.APITest" name="testRenameTest" time="4.243"/>
  <testcase classname="org.crownpeak.api.APITest" name="testAPIReportTest" time="0.836"/>
  <testcase classname="org.crownpeak.api.APITest" name="testPublishRefreshTest" time="1.598"/>
  <testcase classname="org.crownpeak.api.APITest" name="testPublishTest" time="3.092"/>
  <testcase classname="org.crownpeak.api.APITest" name="testUpdateTest" time="2.248"/>
  <testcase classname="org.crownpeak.api.APITest" name="testUploadTest" time="1.904"/>
  <testcase classname="org.crownpeak.api.APITest" name="testExistsTest" time="1.079"/>
  <testcase classname="org.crownpeak.api.APITest" name="testReadTest" time="3.387"/>
  <testcase classname="org.crownpeak.api.APITest" name="testLogTest" time="4.505"/>
  <testcase classname="org.crownpeak.api.APITest" name="testWorkflowsReadTest" time="4.006"/>
  <testcase classname="org.crownpeak.api.APITest" name="testAuthenticateTest" time="0.474"/>
  <testcase classname="org.crownpeak.api.APITest" name="testMoveTest" time="2.496"/>
  <testcase classname="org.crownpeak.api.APITest" name="testUndeleteTest" time="3.271"/>
  <testcase classname="org.crownpeak.api.APITest" name="testBranchTest" time="1.96"/>
  <testcase classname="org.crownpeak.api.APITest" name="testCreateTest" time="3.928"/>
  <testcase classname="org.crownpeak.api.APITest" name="testRouteTest" time="2.051"/>
  <testcase classname="org.crownpeak.api.APITest" name="testDeleteTest" time="3.555"/>
  <testcase classname="org.crownpeak.api.APITest" name="testPagedTest" time="7.389"/>
  <testcase classname="org.crownpeak.api.APITest" name="testExecuteWorkflowCommandTest" time="2.477"/>
  <testcase classname="org.crownpeak.api.APITest" name="testAttachTest" time="6.123"/>
  <testcase classname="org.crownpeak.api.APITest" name="testWorkflowReadTest" time="1.102"/>
  <testcase classname="org.crownpeak.api.APITest" name="testFieldTest" time="3.455"/>
</testsuite>